app/build/outputs/logs/manifest-merger-debug-report.txt
-- Merging decision tree log ---
manifest
ADDED from src\main\AndroidManifest.xml:1:1-143:12
INJECTED from src\main\AndroidManifest.xml:1:1-143:12
INJECTED from src\main\AndroidManifest.xml:1:1-143:12
INJECTED from src\main\AndroidManifest.xml:1:1-143:12
MERGED from [com.android.support:support-v13:28.0.0] AndroidManifest.xml:17:1-22:12
MERGED from [com.android.support:support-v4:28.0.0] AndroidManifest.xml:17:1-22:12
MERGED from [com.android.support:design:28.0.0] AndroidManifest.xml:17:1-24:12
MERGED from [com.android.support:appcompat-v7:28.0.0] AndroidManifest.xml:17:1-22:12
MERGED from [com.android.support.constraint:constraint-layout:1.1.3] AndroidManifest.xml:2:1-11:12
MERGED from [com.android.support:support-media-compat:28.0.0] AndroidManifest.xml:17:1-22:12
MERGED from [com.android.support:support-fragment:28.0.0] AndroidManifest.xml:17:1-22:12
MERGED from [com.android.support:animated-vector-drawable:28.0.0] AndroidManifest.xml:17:1-22:12
MERGED from [com.android.support:recyclerview-v7:28.0.0] AndroidManifest.xml:17:1-22:12
MERGED from [com.android.support:support-core-ui:28.0.0] AndroidManifest.xml:17:1-22:12
MERGED from [com.android.support:support-core-utils:28.0.0] AndroidManifest.xml:17:1-22:12
MERGED from [com.android.support:support-vector-drawable:28.0.0] AndroidManifest.xml:17:1-22:12
MERGED from [com.android.support:transition:28.0.0] AndroidManifest.xml:17:1-22:12
MERGED from [com.android.support:loader:28.0.0] AndroidManifest.xml:17:1-22:12
MERGED from [com.android.support:viewpager:28.0.0] AndroidManifest.xml:17:1-22:12
MERGED from [com.android.support:coordinatorlayout:28.0.0] AndroidManifest.xml:17:1-22:12
MERGED from [com.android.support:drawerlayout:28.0.0] AndroidManifest.xml:17:1-22:12
MERGED from [com.android.support:slidingpanelayout:28.0.0] AndroidManifest.xml:17:1-22:12
MERGED from [com.android.support:customview:28.0.0] AndroidManifest.xml:17:1-22:12
MERGED from [com.android.support:swiperefreshlayout:28.0.0] AndroidManifest.xml:17:1-22:12
MERGED from [com.android.support:asynclayoutinflater:28.0.0] AndroidManifest.xml:17:1-22:12
MERGED from [com.android.support:support-compat:28.0.0] AndroidManifest.xml:17:1-24:12
MERGED from [com.android.support:versionedparcelable:28.0.0] AndroidManifest.xml:17:1-25:12
MERGED from [com.android.support:cursoradapter:28.0.0] AndroidManifest.xml:17:1-22:12
MERGED from [com.android.support:cardview-v7:28.0.0] AndroidManifest.xml:17:1-22:12
MERGED from [android.arch.lifecycle:runtime:1.1.1] AndroidManifest.xml:17:1-22:12
MERGED from [com.android.support:documentfile:28.0.0] AndroidManifest.xml:17:1-22:12
MERGED from [com.android.support:localbroadcastmanager:28.0.0] AndroidManifest.xml:17:1-22:12
MERGED from [com.android.support:print:28.0.0] AndroidManifest.xml:17:1-22:12
MERGED from [com.android.support:interpolator:28.0.0] AndroidManifest.xml:17:1-22:12
MERGED from [android.arch.lifecycle:viewmodel:1.1.1] AndroidManifest.xml:17:1-22:12
MERGED from [android.arch.lifecycle:livedata:1.1.1] AndroidManifest.xml:17:1-22:12
MERGED from [android.arch.lifecycle:livedata-core:1.1.1] AndroidManifest.xml:17:1-22:12
MERGED from [android.arch.core:runtime:1.1.1] AndroidManifest.xml:17:1-22:12
INJECTED from src\main\AndroidManifest.xml:1:1-143:12
INJECTED from src\main\AndroidManifest.xml:1:1-143:12
INJECTED from src\main\AndroidManifest.xml:1:1-143:12
	package
		ADDED from src\main\AndroidManifest.xml:2:5-40
		INJECTED from src\main\AndroidManifest.xml
		INJECTED from src\main\AndroidManifest.xml
	android:versionName
		INJECTED from src\main\AndroidManifest.xml
		ADDED from src\main\AndroidManifest.xml:1:1-143:12
		INJECTED from src\main\AndroidManifest.xml
	android:versionCode
		INJECTED from src\main\AndroidManifest.xml
		ADDED from src\main\AndroidManifest.xml:1:1-143:12
		INJECTED from src\main\AndroidManifest.xml
	xmlns:android
		ADDED from src\main\AndroidManifest.xml:1:11-69
	android:installLocation
		ADDED from src\main\AndroidManifest.xml:3:5-43
uses-permission#android.permission.ACCESS_NETWORK_STATE
ADDED from src\main\AndroidManifest.xml:5:5-79
	android:name
		ADDED from src\main\AndroidManifest.xml:5:22-76
uses-permission#android.permission.RECEIVE_BOOT_COMPLETED
ADDED from src\main\AndroidManifest.xml:6:5-81
	android:name
		ADDED from src\main\AndroidManifest.xml:6:22-78
uses-permission#android.permission.VIBRATE
ADDED from src\main\AndroidManifest.xml:7:5-66
	android:name
		ADDED from src\main\AndroidManifest.xml:7:22-63
uses-permission#android.permission.WAKE_LOCK
ADDED from src\main\AndroidManifest.xml:8:5-68
	android:name
		ADDED from src\main\AndroidManifest.xml:8:22-65
uses-permission#android.permission.WRITE_EXTERNAL_STORAGE
ADDED from src\main\AndroidManifest.xml:11:5-81
	android:name
		ADDED from src\main\AndroidManifest.xml:11:22-78
uses-permission#android.permission.CAMERA
ADDED from src\main\AndroidManifest.xml:12:5-65
	android:name
		ADDED from src\main\AndroidManifest.xml:12:22-62
uses-feature#android.hardware.camera
ADDED from src\main\AndroidManifest.xml:13:5-60
	android:name
		ADDED from src\main\AndroidManifest.xml:13:19-57
uses-feature#android.hardware.camera.autofocus
ADDED from src\main\AndroidManifest.xml:14:5-70
	android:name
		ADDED from src\main\AndroidManifest.xml:14:19-67
uses-permission#android.permission.ACCESS_MTK_MMHW
ADDED from src\main\AndroidManifest.xml:15:5-74
	android:name
		ADDED from src\main\AndroidManifest.xml:15:22-71
uses-permission#android.permission.SYSTEM_ALERT_WINDOW
ADDED from src\main\AndroidManifest.xml:16:5-78
	android:name
		ADDED from src\main\AndroidManifest.xml:16:22-75
application
ADDED from src\main\AndroidManifest.xml:17:5-141:19
MERGED from [com.android.support:design:28.0.0] AndroidManifest.xml:22:5-20
MERGED from [com.android.support:design:28.0.0] AndroidManifest.xml:22:5-20
MERGED from [com.android.support.constraint:constraint-layout:1.1.3] AndroidManifest.xml:9:5-20
MERGED from [com.android.support.constraint:constraint-layout:1.1.3] AndroidManifest.xml:9:5-20
MERGED from [com.android.support:support-compat:28.0.0] AndroidManifest.xml:22:5-94
MERGED from [com.android.support:support-compat:28.0.0] AndroidManifest.xml:22:5-94
MERGED from [com.android.support:versionedparcelable:28.0.0] AndroidManifest.xml:22:5-23:19
MERGED from [com.android.support:versionedparcelable:28.0.0] AndroidManifest.xml:22:5-23:19
	android:appComponentFactory
		ADDED from [com.android.support:support-compat:28.0.0] AndroidManifest.xml:22:18-91
	android:label
		ADDED from src\main\AndroidManifest.xml:20:9-41
	android:icon
		ADDED from src\main\AndroidManifest.xml:19:9-39
	android:allowBackup
		ADDED from src\main\AndroidManifest.xml:18:9-35
activity#com.android.auto.p160scan.activity.StartServicesActivity
ADDED from src\main\AndroidManifest.xml:21:9-32:20
	android:screenOrientation
		ADDED from src\main\AndroidManifest.xml:25:13-49
	android:label
		ADDED from src\main\AndroidManifest.xml:24:13-45
	android:excludeFromRecents
		ADDED from src\main\AndroidManifest.xml:23:13-46
	android:theme
		ADDED from src\main\AndroidManifest.xml:26:13-56
	android:name
		ADDED from src\main\AndroidManifest.xml:22:13-84
intent-filter#action:name:android.intent.action.MAIN+category:name:android.intent.category.LAUNCHER
ADDED from src\main\AndroidManifest.xml:27:13-31:29
action#android.intent.action.MAIN
ADDED from src\main\AndroidManifest.xml:28:17-69
	android:name
		ADDED from src\main\AndroidManifest.xml:28:25-66
category#android.intent.category.LAUNCHER
ADDED from src\main\AndroidManifest.xml:30:17-77
	android:name
		ADDED from src\main\AndroidManifest.xml:30:27-74
activity#com.android.auto.p160scan.activity.SettingActivity
ADDED from src\main\AndroidManifest.xml:33:9-36:52
	android:screenOrientation
		ADDED from src\main\AndroidManifest.xml:36:13-49
	android:excludeFromRecents
		ADDED from src\main\AndroidManifest.xml:35:13-46
	android:name
		ADDED from src\main\AndroidManifest.xml:34:13-78
activity#com.android.auto.p160scan.activity.PreviewActivty
ADDED from src\main\AndroidManifest.xml:38:10-41:52
	android:screenOrientation
		ADDED from src\main\AndroidManifest.xml:41:13-49
	android:excludeFromRecents
		ADDED from src\main\AndroidManifest.xml:40:13-46
	android:name
		ADDED from src\main\AndroidManifest.xml:39:13-77
activity#com.android.auto.p160scan.activity.ConfigurationSettingsActivity
ADDED from src\main\AndroidManifest.xml:43:9-46:52
	android:screenOrientation
		ADDED from src\main\AndroidManifest.xml:46:13-49
	android:excludeFromRecents
		ADDED from src\main\AndroidManifest.xml:45:13-46
	android:name
		ADDED from src\main\AndroidManifest.xml:44:13-92
activity#com.android.auto.p160scan.activity.ASettingActivity
ADDED from src\main\AndroidManifest.xml:47:9-51:59
	android:screenOrientation
		ADDED from src\main\AndroidManifest.xml:50:13-49
	android:excludeFromRecents
		ADDED from src\main\AndroidManifest.xml:49:13-46
	android:theme
		ADDED from src\main\AndroidManifest.xml:51:13-56
	android:name
		ADDED from src\main\AndroidManifest.xml:48:13-79
activity#com.android.auto.p160scan.activity.AdvancedSettingActivity
ADDED from src\main\AndroidManifest.xml:52:9-55:52
	android:screenOrientation
		ADDED from src\main\AndroidManifest.xml:55:13-49
	android:excludeFromRecents
		ADDED from src\main\AndroidManifest.xml:54:13-46
	android:name
		ADDED from src\main\AndroidManifest.xml:53:13-86
activity#com.android.auto.p160scan.activity.Symbologies6603Activty
ADDED from src\main\AndroidManifest.xml:60:9-63:52
	android:screenOrientation
		ADDED from src\main\AndroidManifest.xml:63:13-49
	android:excludeFromRecents
		ADDED from src\main\AndroidManifest.xml:62:13-46
	android:name
		ADDED from src\main\AndroidManifest.xml:61:13-85
activity#com.android.auto.p160scan.activity.Symbologies4710Activty
ADDED from src\main\AndroidManifest.xml:65:10-68:52
	android:screenOrientation
		ADDED from src\main\AndroidManifest.xml:68:13-49
	android:excludeFromRecents
		ADDED from src\main\AndroidManifest.xml:67:13-46
	android:name
		ADDED from src\main\AndroidManifest.xml:66:13-85
activity#com.android.auto.p160scan.activity.Symbologies47XXActivty
ADDED from src\main\AndroidManifest.xml:70:9-73:52
	android:screenOrientation
		ADDED from src\main\AndroidManifest.xml:73:13-49
	android:excludeFromRecents
		ADDED from src\main\AndroidManifest.xml:72:13-46
	android:name
		ADDED from src\main\AndroidManifest.xml:71:13-85
activity#com.android.auto.p160scan.activity.ScannerSettingsActivity
ADDED from src\main\AndroidManifest.xml:75:9-78:52
	android:screenOrientation
		ADDED from src\main\AndroidManifest.xml:78:13-49
	android:excludeFromRecents
		ADDED from src\main\AndroidManifest.xml:77:13-46
	android:name
		ADDED from src\main\AndroidManifest.xml:76:13-86
activity#com.android.auto.p160scan.activity.AboutActivity
ADDED from src\main\AndroidManifest.xml:81:9-85:52
	android:screenOrientation
		ADDED from src\main\AndroidManifest.xml:85:13-49
	android:excludeFromRecents
		ADDED from src\main\AndroidManifest.xml:83:13-46
	android:exported
		ADDED from src\main\AndroidManifest.xml:84:13-36
	android:name
		ADDED from src\main\AndroidManifest.xml:82:13-76
activity#com.android.auto.p160scan.activity.ExitActivity
ADDED from src\main\AndroidManifest.xml:86:9-91:52
	android:screenOrientation
		ADDED from src\main\AndroidManifest.xml:90:13-49
	android:excludeFromRecents
		ADDED from src\main\AndroidManifest.xml:88:13-46
	android:exported
		ADDED from src\main\AndroidManifest.xml:89:13-36
	android:theme
		ADDED from src\main\AndroidManifest.xml:91:13-49
	android:name
		ADDED from src\main\AndroidManifest.xml:87:13-75
activity#com.android.auto.p160scan.activity.ScankeyConfigActivity
ADDED from src\main\AndroidManifest.xml:92:9-96:52
	android:screenOrientation
		ADDED from src\main\AndroidManifest.xml:96:13-49
	android:excludeFromRecents
		ADDED from src\main\AndroidManifest.xml:94:13-46
	android:exported
		ADDED from src\main\AndroidManifest.xml:95:13-36
	android:name
		ADDED from src\main\AndroidManifest.xml:93:13-84
activity#com.android.auto.p160scan.activity.UpdateIntoducetActivity
ADDED from src\main\AndroidManifest.xml:97:9-101:52
	android:screenOrientation
		ADDED from src\main\AndroidManifest.xml:101:13-49
	android:excludeFromRecents
		ADDED from src\main\AndroidManifest.xml:99:13-46
	android:exported
		ADDED from src\main\AndroidManifest.xml:100:13-36
	android:name
		ADDED from src\main\AndroidManifest.xml:98:13-86
activity#com.android.auto.p160scan.activity.BarcodeTestActivty
ADDED from src\main\AndroidManifest.xml:102:9-106:52
	android:screenOrientation
		ADDED from src\main\AndroidManifest.xml:106:13-49
	android:excludeFromRecents
		ADDED from src\main\AndroidManifest.xml:104:13-46
	android:exported
		ADDED from src\main\AndroidManifest.xml:105:13-36
	android:name
		ADDED from src\main\AndroidManifest.xml:103:13-81
activity#com.android.auto.p160scan.activity.ScrollViewActivity
ADDED from src\main\AndroidManifest.xml:107:9-111:52
	android:screenOrientation
		ADDED from src\main\AndroidManifest.xml:111:13-49
	android:excludeFromRecents
		ADDED from src\main\AndroidManifest.xml:109:13-46
	android:exported
		ADDED from src\main\AndroidManifest.xml:110:13-36
	android:name
		ADDED from src\main\AndroidManifest.xml:108:13-81
activity#com.android.auto.p160scan.activity.MainViewActivity
ADDED from src\main\AndroidManifest.xml:112:9-117:71
	android:screenOrientation
		ADDED from src\main\AndroidManifest.xml:116:13-49
	android:excludeFromRecents
		ADDED from src\main\AndroidManifest.xml:114:13-46
	android:exported
		ADDED from src\main\AndroidManifest.xml:115:13-36
	android:theme
		ADDED from src\main\AndroidManifest.xml:117:13-69
	android:name
		ADDED from src\main\AndroidManifest.xml:113:13-79
service#com.android.auto.p160scan.ScannerServices
ADDED from src\main\AndroidManifest.xml:119:9-126:19
	android:enabled
		ADDED from src\main\AndroidManifest.xml:122:13-35
	android:exported
		ADDED from src\main\AndroidManifest.xml:121:13-36
	android:name
		ADDED from src\main\AndroidManifest.xml:120:13-43
intent-filter#action:name:native_device_service
ADDED from src\main\AndroidManifest.xml:123:13-125:29
	android:priority
		ADDED from src\main\AndroidManifest.xml:123:28-51
action#native_device_service
ADDED from src\main\AndroidManifest.xml:124:17-64
	android:name
		ADDED from src\main\AndroidManifest.xml:124:25-61
uses-library#android.scanner.library
ADDED from src\main\AndroidManifest.xml:128:8-130:40
	android:required
		ADDED from src\main\AndroidManifest.xml:130:13-37
	android:name
		ADDED from src\main\AndroidManifest.xml:129:13-51
receiver#com.android.auto.p160scan.broadcast.BootBroadcastReceiver
ADDED from src\main\AndroidManifest.xml:132:9-140:20
	android:enabled
		ADDED from src\main\AndroidManifest.xml:134:13-35
	android:exported
		ADDED from src\main\AndroidManifest.xml:135:13-36
	android:name
		ADDED from src\main\AndroidManifest.xml:133:13-85
intent-filter#action:name:android.intent.action.BOOT_COMPLETED+category:name:android.intent.category.HOME
ADDED from src\main\AndroidManifest.xml:136:13-139:29
action#android.intent.action.BOOT_COMPLETED
ADDED from src\main\AndroidManifest.xml:137:17-79
	android:name
		ADDED from src\main\AndroidManifest.xml:137:25-76
category#android.intent.category.HOME
ADDED from src\main\AndroidManifest.xml:138:17-73
	android:name
		ADDED from src\main\AndroidManifest.xml:138:27-70
uses-sdk
INJECTED from src\main\AndroidManifest.xml reason: use-sdk injection requested
INJECTED from src\main\AndroidManifest.xml
INJECTED from src\main\AndroidManifest.xml
MERGED from [com.android.support:support-v13:28.0.0] AndroidManifest.xml:20:5-44
MERGED from [com.android.support:support-v13:28.0.0] AndroidManifest.xml:20:5-44
MERGED from [com.android.support:support-v4:28.0.0] AndroidManifest.xml:20:5-44
MERGED from [com.android.support:support-v4:28.0.0] AndroidManifest.xml:20:5-44
MERGED from [com.android.support:design:28.0.0] AndroidManifest.xml:20:5-44
MERGED from [com.android.support:design:28.0.0] AndroidManifest.xml:20:5-44
MERGED from [com.android.support:appcompat-v7:28.0.0] AndroidManifest.xml:20:5-44
MERGED from [com.android.support:appcompat-v7:28.0.0] AndroidManifest.xml:20:5-44
MERGED from [com.android.support.constraint:constraint-layout:1.1.3] AndroidManifest.xml:5:5-7:41
MERGED from [com.android.support.constraint:constraint-layout:1.1.3] AndroidManifest.xml:5:5-7:41
MERGED from [com.android.support:support-media-compat:28.0.0] AndroidManifest.xml:20:5-44
MERGED from [com.android.support:support-media-compat:28.0.0] AndroidManifest.xml:20:5-44
MERGED from [com.android.support:support-fragment:28.0.0] AndroidManifest.xml:20:5-44
MERGED from [com.android.support:support-fragment:28.0.0] AndroidManifest.xml:20:5-44
MERGED from [com.android.support:animated-vector-drawable:28.0.0] AndroidManifest.xml:20:5-44
MERGED from [com.android.support:animated-vector-drawable:28.0.0] AndroidManifest.xml:20:5-44
MERGED from [com.android.support:recyclerview-v7:28.0.0] AndroidManifest.xml:20:5-44
MERGED from [com.android.support:recyclerview-v7:28.0.0] AndroidManifest.xml:20:5-44
MERGED from [com.android.support:support-core-ui:28.0.0] AndroidManifest.xml:20:5-44
MERGED from [com.android.support:support-core-ui:28.0.0] AndroidManifest.xml:20:5-44
MERGED from [com.android.support:support-core-utils:28.0.0] AndroidManifest.xml:20:5-44
MERGED from [com.android.support:support-core-utils:28.0.0] AndroidManifest.xml:20:5-44
MERGED from [com.android.support:support-vector-drawable:28.0.0] AndroidManifest.xml:20:5-44
MERGED from [com.android.support:support-vector-drawable:28.0.0] AndroidManifest.xml:20:5-44
MERGED from [com.android.support:transition:28.0.0] AndroidManifest.xml:20:5-44
MERGED from [com.android.support:transition:28.0.0] AndroidManifest.xml:20:5-44
MERGED from [com.android.support:loader:28.0.0] AndroidManifest.xml:20:5-44
MERGED from [com.android.support:loader:28.0.0] AndroidManifest.xml:20:5-44
MERGED from [com.android.support:viewpager:28.0.0] AndroidManifest.xml:20:5-44
MERGED from [com.android.support:viewpager:28.0.0] AndroidManifest.xml:20:5-44
MERGED from [com.android.support:coordinatorlayout:28.0.0] AndroidManifest.xml:20:5-44
MERGED from [com.android.support:coordinatorlayout:28.0.0] AndroidManifest.xml:20:5-44
MERGED from [com.android.support:drawerlayout:28.0.0] AndroidManifest.xml:20:5-44
MERGED from [com.android.support:drawerlayout:28.0.0] AndroidManifest.xml:20:5-44
MERGED from [com.android.support:slidingpanelayout:28.0.0] AndroidManifest.xml:20:5-44
MERGED from [com.android.support:slidingpanelayout:28.0.0] AndroidManifest.xml:20:5-44
MERGED from [com.android.support:customview:28.0.0] AndroidManifest.xml:20:5-44
MERGED from [com.android.support:customview:28.0.0] AndroidManifest.xml:20:5-44
MERGED from [com.android.support:swiperefreshlayout:28.0.0] AndroidManifest.xml:20:5-44
MERGED from [com.android.support:swiperefreshlayout:28.0.0] AndroidManifest.xml:20:5-44
MERGED from [com.android.support:asynclayoutinflater:28.0.0] AndroidManifest.xml:20:5-44
MERGED from [com.android.support:asynclayoutinflater:28.0.0] AndroidManifest.xml:20:5-44
MERGED from [com.android.support:support-compat:28.0.0] AndroidManifest.xml:20:5-44
MERGED from [com.android.support:support-compat:28.0.0] AndroidManifest.xml:20:5-44
MERGED from [com.android.support:versionedparcelable:28.0.0] AndroidManifest.xml:20:5-44
MERGED from [com.android.support:versionedparcelable:28.0.0] AndroidManifest.xml:20:5-44
MERGED from [com.android.support:cursoradapter:28.0.0] AndroidManifest.xml:20:5-44
MERGED from [com.android.support:cursoradapter:28.0.0] AndroidManifest.xml:20:5-44
MERGED from [com.android.support:cardview-v7:28.0.0] AndroidManifest.xml:20:5-44
MERGED from [com.android.support:cardview-v7:28.0.0] AndroidManifest.xml:20:5-44
MERGED from [android.arch.lifecycle:runtime:1.1.1] AndroidManifest.xml:20:5-44
MERGED from [android.arch.lifecycle:runtime:1.1.1] AndroidManifest.xml:20:5-44
MERGED from [com.android.support:documentfile:28.0.0] AndroidManifest.xml:20:5-44
MERGED from [com.android.support:documentfile:28.0.0] AndroidManifest.xml:20:5-44
MERGED from [com.android.support:localbroadcastmanager:28.0.0] AndroidManifest.xml:20:5-44
MERGED from [com.android.support:localbroadcastmanager:28.0.0] AndroidManifest.xml:20:5-44
MERGED from [com.android.support:print:28.0.0] AndroidManifest.xml:20:5-44
MERGED from [com.android.support:print:28.0.0] AndroidManifest.xml:20:5-44
MERGED from [com.android.support:interpolator:28.0.0] AndroidManifest.xml:20:5-44
MERGED from [com.android.support:interpolator:28.0.0] AndroidManifest.xml:20:5-44
MERGED from [android.arch.lifecycle:viewmodel:1.1.1] AndroidManifest.xml:20:5-44
MERGED from [android.arch.lifecycle:viewmodel:1.1.1] AndroidManifest.xml:20:5-44
MERGED from [android.arch.lifecycle:livedata:1.1.1] AndroidManifest.xml:20:5-44
MERGED from [android.arch.lifecycle:livedata:1.1.1] AndroidManifest.xml:20:5-44
MERGED from [android.arch.lifecycle:livedata-core:1.1.1] AndroidManifest.xml:20:5-44
MERGED from [android.arch.lifecycle:livedata-core:1.1.1] AndroidManifest.xml:20:5-44
MERGED from [android.arch.core:runtime:1.1.1] AndroidManifest.xml:20:5-44
MERGED from [android.arch.core:runtime:1.1.1] AndroidManifest.xml:20:5-44
INJECTED from src\main\AndroidManifest.xml
INJECTED from src\main\AndroidManifest.xml
	android:targetSdkVersion
		INJECTED from src\main\AndroidManifest.xml
		ADDED from src\main\AndroidManifest.xml
		INJECTED from src\main\AndroidManifest.xml
	android:minSdkVersion
		INJECTED from src\main\AndroidManifest.xml
		ADDED from src\main\AndroidManifest.xml
		INJECTED from src\main\AndroidManifest.xml